<?xml version="1.0" encoding="UTF-8"?>
<testng-results ignored="0" total="1" passed="1" failed="0" skipped="0">
  <reporter-output>
  </reporter-output>
  <suite started-at="2023-04-25T14:16:00 PDT" name="inetBankingV1" finished-at="2023-04-25T14:16:24 PDT" duration-ms="23827">
    <groups>
    </groups>
    <test started-at="2023-04-25T14:16:00 PDT" name="inetBankingAppV1 Test1" finished-at="2023-04-25T14:16:24 PDT" duration-ms="23827">
      <class name="com.inetBanking.testCases.TC_AddCustomerTest_003">
        <test-method is-config="true" signature="setup(java.lang.String)[pri:0, instance:com.inetBanking.testCases.TC_AddCustomerTest_003@229f66ed]" started-at="2023-04-25T14:16:01 PDT" name="setup" finished-at="2023-04-25T14:16:07 PDT" duration-ms="5776" status="PASS">
          <params>
            <param index="0">
              <value>
                <![CDATA[chrome]]>
              </value>
            </param>
          </params>
          <reporter-output>
          </reporter-output>
        </test-method> <!-- setup -->
        <test-method signature="addNewCustomer()[pri:0, instance:com.inetBanking.testCases.TC_AddCustomerTest_003@229f66ed]" started-at="2023-04-25T14:16:07 PDT" name="addNewCustomer" finished-at="2023-04-25T14:16:24 PDT" duration-ms="16930" status="PASS">
          <reporter-output>
          </reporter-output>
        </test-method> <!-- addNewCustomer -->
        <test-method is-config="true" signature="tearDown()[pri:0, instance:com.inetBanking.testCases.TC_AddCustomerTest_003@229f66ed]" started-at="2023-04-25T14:16:24 PDT" name="tearDown" finished-at="2023-04-25T14:16:24 PDT" duration-ms="576" status="PASS">
          <reporter-output>
          </reporter-output>
        </test-method> <!-- tearDown -->
      </class> <!-- com.inetBanking.testCases.TC_AddCustomerTest_003 -->
    </test> <!-- inetBankingAppV1 Test1 -->
  </suite> <!-- inetBankingV1 -->
</testng-results>
